#
# There is insufficient memory for the Java Runtime Environment to continue.
# Native memory allocation (malloc) failed to allocate 277536 bytes for Chunk::new
# Possible reasons:
#   The system is out of physical RAM or swap space
#   In 32 bit mode, the process size limit was hit
# Possible solutions:
#   Reduce memory load on the system
#   Increase physical memory or swap space
#   Check if swap backing store is full
#   Use 64 bit Java on a 64 bit OS
#   Decrease Java heap size (-Xmx/-Xms)
#   Decrease number of Java threads
#   Decrease Java thread stack sizes (-Xss)
#   Set larger code cache with -XX:ReservedCodeCacheSize=
# This output file may be truncated or incomplete.
#
#  Out of Memory Error (allocation.cpp:323), pid=11940, tid=11160
#
# JRE version: Java(TM) SE Runtime Environment (7.0_79-b15) (build 1.7.0_79-b15)
# Java VM: Java HotSpot(TM) 64-Bit Server VM (24.79-b02 mixed mode windows-amd64 compressed oops)
# Failed to write core dump. Minidumps are not enabled by default on client versions of Windows
#

---------------  T H R E A D  ---------------

Current thread (0x0000000009005800):  JavaThread "C2 CompilerThread1" daemon [_thread_in_native, id=11160, stack(0x000000000a680000,0x000000000a780000)]

Stack: [0x000000000a680000,0x000000000a780000]

Current CompileTask:
C2:   5646  673             com.android.dx.rop.cst.CstBaseMethodRef::getPrototype (41 bytes)


---------------  P R O C E S S  ---------------

Java Threads: ( => current thread )
  0x0000000009018000 JavaThread "Service Thread" daemon [_thread_blocked, id=11216, stack(0x000000000a780000,0x000000000a880000)]
=>0x0000000009005800 JavaThread "C2 CompilerThread1" daemon [_thread_in_native, id=11160, stack(0x000000000a680000,0x000000000a780000)]
  0x0000000009004000 JavaThread "C2 CompilerThread0" daemon [_thread_blocked, id=3288, stack(0x000000000a580000,0x000000000a680000)]
  0x0000000009003000 JavaThread "Attach Listener" daemon [_thread_blocked, id=11080, stack(0x000000000a480000,0x000000000a580000)]
  0x0000000009000000 JavaThread "Signal Dispatcher" daemon [_thread_blocked, id=9812, stack(0x000000000a380000,0x000000000a480000)]
  0x0000000008fce800 JavaThread "Finalizer" daemon [_thread_blocked, id=11556, stack(0x000000000a280000,0x000000000a380000)]
  0x0000000008fc5800 JavaThread "Reference Handler" daemon [_thread_blocked, id=496, stack(0x000000000a180000,0x000000000a280000)]
  0x0000000003060800 JavaThread "main" [_thread_in_Java, id=7976, stack(0x0000000002ed0000,0x0000000002fd0000)]

Other Threads:
  0x0000000008fc1800 VMThread [stack: 0x000000000a080000,0x000000000a180000] [id=1396]
  0x0000000009022800 WatcherThread [stack: 0x000000000a880000,0x000000000a980000] [id=10204]

VM state:not at safepoint (normal execution)

VM Mutex/Monitor currently owned by a thread: None

Heap
 PSYoungGen      total 71680K, used 70938K [0x00000000eaa80000, 0x00000000ef580000, 0x0000000100000000)
  eden space 66560K, 98% used [0x00000000eaa80000,0x00000000eeace208,0x00000000eeb80000)
  from space 5120K, 99% used [0x00000000ef080000,0x00000000ef578938,0x00000000ef580000)
  to   space 5120K, 0% used [0x00000000eeb80000,0x00000000eeb80000,0x00000000ef080000)
 ParOldGen       total 86016K, used 17198K [0x00000000c0000000, 0x00000000c5400000, 0x00000000eaa80000)
  object space 86016K, 19% used [0x00000000c0000000,0x00000000c10cba00,0x00000000c5400000)
 PSPermGen       total 21504K, used 6153K [0x00000000bae00000, 0x00000000bc300000, 0x00000000c0000000)
  object space 21504K, 28% used [0x00000000bae00000,0x00000000bb4026e8,0x00000000bc300000)

Card table byte_map: [0x0000000006230000,0x0000000006460000] byte_map_base: 0x0000000005c59000

Polling page: 0x0000000001550000

Code Cache  [0x0000000003230000, 0x00000000034c0000, 0x0000000006230000)
 total_blobs=902 nmethods=664 adapters=190 free_code_cache=46607Kb largest_free_block=47675712

Compilation events (10 events):
Event: 5.529 Thread 0x0000000009004000  670             com.android.dx.dex.code.FixedSizeInsn::writeTo (13 bytes)
Event: 5.529 Thread 0x0000000009005800 nmethod 669 0x00000000034a2e90 code [0x00000000034a2fc0, 0x00000000034a3018]
Event: 5.529 Thread 0x0000000009005800  671             com.android.dx.dex.code.InsnFormat::opcodeUnit (54 bytes)
Event: 5.530 Thread 0x0000000009004000 nmethod 670 0x00000000034a2bd0 code [0x00000000034a2d20, 0x00000000034a2db8]
Event: 5.530 Thread 0x0000000009005800 nmethod 671 0x00000000034a2910 code [0x00000000034a2a40, 0x00000000034a2ad8]
Event: 5.632 Thread 0x0000000009004000  672             com.android.dx.dex.code.DalvCode::finishProcessingIfNecessary (69 bytes)
Event: 5.632 Thread 0x0000000009004000 nmethod 672 0x00000000034a26d0 code [0x00000000034a2800, 0x00000000034a2878]
Event: 5.639 Thread 0x0000000009005800  673             com.android.dx.rop.cst.CstBaseMethodRef::getPrototype (41 bytes)
Event: 5.643 Thread 0x0000000009004000  674             com.android.dx.dex.code.InsnFormat::makeByte (42 bytes)
Event: 5.644 Thread 0x0000000009004000 nmethod 674 0x00000000034ad850 code [0x00000000034ad980, 0x00000000034ad9f8]

GC Heap History (8 events):
Event: 1.728 GC heap before
{Heap before GC invocations=1 (full 0):
 PSYoungGen      total 38400K, used 33280K [0x00000000eaa80000, 0x00000000ed500000, 0x0000000100000000)
  eden space 33280K, 100% used [0x00000000eaa80000,0x00000000ecb00000,0x00000000ecb00000)
  from space 5120K, 0% used [0x00000000ed000000,0x00000000ed000000,0x00000000ed500000)
  to   space 5120K, 0% used [0x00000000ecb00000,0x00000000ecb00000,0x00000000ed000000)
 ParOldGen       total 86016K, used 0K [0x00000000c0000000, 0x00000000c5400000, 0x00000000eaa80000)
  object space 86016K, 0% used [0x00000000c0000000,0x00000000c0000000,0x00000000c5400000)
 PSPermGen       total 21504K, used 5753K [0x00000000bae00000, 0x00000000bc300000, 0x00000000c0000000)
  object space 21504K, 26% used [0x00000000bae00000,0x00000000bb39e648,0x00000000bc300000)
Event: 1.745 GC heap after
Heap after GC invocations=1 (full 0):
 PSYoungGen      total 38400K, used 5114K [0x00000000eaa80000, 0x00000000ed500000, 0x0000000100000000)
  eden space 33280K, 0% used [0x00000000eaa80000,0x00000000eaa80000,0x00000000ecb00000)
  from space 5120K, 99% used [0x00000000ecb00000,0x00000000ecffebc8,0x00000000ed000000)
  to   space 5120K, 0% used [0x00000000ed000000,0x00000000ed000000,0x00000000ed500000)
 ParOldGen       total 86016K, used 1879K [0x00000000c0000000, 0x00000000c5400000, 0x00000000eaa80000)
  object space 86016K, 2% used [0x00000000c0000000,0x00000000c01d5ff0,0x00000000c5400000)
 PSPermGen       total 21504K, used 5753K [0x00000000bae00000, 0x00000000bc300000, 0x00000000c0000000)
  object space 21504K, 26% used [0x00000000bae00000,0x00000000bb39e648,0x00000000bc300000)
}
Event: 2.797 GC heap before
{Heap before GC invocations=2 (full 0):
 PSYoungGen      total 38400K, used 38394K [0x00000000eaa80000, 0x00000000ed500000, 0x0000000100000000)
  eden space 33280K, 100% used [0x00000000eaa80000,0x00000000ecb00000,0x00000000ecb00000)
  from space 5120K, 99% used [0x00000000ecb00000,0x00000000ecffebc8,0x00000000ed000000)
  to   space 5120K, 0% used [0x00000000ed000000,0x00000000ed000000,0x00000000ed500000)
 ParOldGen       total 86016K, used 1879K [0x00000000c0000000, 0x00000000c5400000, 0x00000000eaa80000)
  object space 86016K, 2% used [0x00000000c0000000,0x00000000c01d5ff0,0x00000000c5400000)
 PSPermGen       total 21504K, used 5817K [0x00000000bae00000, 0x00000000bc300000, 0x00000000c0000000)
  object space 21504K, 27% used [0x00000000bae00000,0x00000000bb3ae7a0,0x00000000bc300000)
Event: 2.851 GC heap after
Heap after GC invocations=2 (full 0):
 PSYoungGen      total 38400K, used 5113K [0x00000000eaa80000, 0x00000000ef580000, 0x0000000100000000)
  eden space 33280K, 0% used [0x00000000eaa80000,0x00000000eaa80000,0x00000000ecb00000)
  from space 5120K, 99% used [0x00000000ed000000,0x00000000ed4fe718,0x00000000ed500000)
  to   space 5120K, 0% used [0x00000000ecb00000,0x00000000ecb00000,0x00000000ed000000)
 ParOldGen       total 86016K, used 6687K [0x00000000c0000000, 0x00000000c5400000, 0x00000000eaa80000)
  object space 86016K, 7% used [0x00000000c0000000,0x00000000c0687c10,0x00000000c5400000)
 PSPermGen       total 21504K, used 5817K [0x00000000bae00000, 0x00000000bc300000, 0x00000000c0000000)
  object space 21504K, 27% used [0x00000000bae00000,0x00000000bb3ae7a0,0x00000000bc300000)
}
Event: 3.318 GC heap before
{Heap before GC invocations=3 (full 0):
 PSYoungGen      total 38400K, used 38393K [0x00000000eaa80000, 0x00000000ef580000, 0x0000000100000000)
  eden space 33280K, 100% used [0x00000000eaa80000,0x00000000ecb00000,0x00000000ecb00000)
  from space 5120K, 99% used [0x00000000ed000000,0x00000000ed4fe718,0x00000000ed500000)
  to   space 5120K, 0% used [0x00000000ecb00000,0x00000000ecb00000,0x00000000ed000000)
 ParOldGen       total 86016K, used 6687K [0x00000000c0000000, 0x00000000c5400000, 0x00000000eaa80000)
  object space 86016K, 7% used [0x00000000c0000000,0x00000000c0687c10,0x00000000c5400000)
 PSPermGen       total 21504K, used 5835K [0x00000000bae00000, 0x00000000bc300000, 0x00000000c0000000)
  object space 21504K, 27% used [0x00000000bae00000,0x00000000bb3b2ce0,0x00000000bc300000)
Event: 3.331 GC heap after
Heap after GC invocations=3 (full 0):
 PSYoungGen      total 38400K, used 5113K [0x00000000eaa80000, 0x00000000ef580000, 0x0000000100000000)
  eden space 33280K, 0% used [0x00000000eaa80000,0x00000000eaa80000,0x00000000ecb00000)
  from space 5120K, 99% used [0x00000000ecb00000,0x00000000ecffe738,0x00000000ed000000)
  to   space 5120K, 0% used [0x00000000ef080000,0x00000000ef080000,0x00000000ef580000)
 ParOldGen       total 86016K, used 11993K [0x00000000c0000000, 0x00000000c5400000, 0x00000000eaa80000)
  object space 86016K, 13% used [0x00000000c0000000,0x00000000c0bb66d0,0x00000000c5400000)
 PSPermGen       total 21504K, used 5835K [0x00000000bae00000, 0x00000000bc300000, 0x00000000c0000000)
  object space 21504K, 27% used [0x00000000bae00000,0x00000000bb3b2ce0,0x00000000bc300000)
}
Event: 3.971 GC heap before
{Heap before GC invocations=4 (full 0):
 PSYoungGen      total 38400K, used 38393K [0x00000000eaa80000, 0x00000000ef580000, 0x0000000100000000)
  eden space 33280K, 100% used [0x00000000eaa80000,0x00000000ecb00000,0x00000000ecb00000)
  from space 5120K, 99% used [0x00000000ecb00000,0x00000000ecffe738,0x00000000ed000000)
  to   space 5120K, 0% used [0x00000000ef080000,0x00000000ef080000,0x00000000ef580000)
 ParOldGen       total 86016K, used 11993K [0x00000000c0000000, 0x00000000c5400000, 0x00000000eaa80000)
  object space 86016K, 13% used [0x00000000c0000000,0x00000000c0bb66d0,0x00000000c5400000)
 PSPermGen       total 21504K, used 5853K [0x00000000bae00000, 0x00000000bc300000, 0x00000000c0000000)
  object space 21504K, 27% used [0x00000000bae00000,0x00000000bb3b7438,0x00000000bc300000)
Event: 4.041 GC heap after
Heap after GC invocations=4 (full 0):
 PSYoungGen      total 71680K, used 5090K [0x00000000eaa80000, 0x00000000ef580000, 0x0000000100000000)
  eden space 66560K, 0% used [0x00000000eaa80000,0x00000000eaa80000,0x00000000eeb80000)
  from space 5120K, 99% used [0x00000000ef080000,0x00000000ef578938,0x00000000ef580000)
  to   space 5120K, 0% used [0x00000000eeb80000,0x00000000eeb80000,0x00000000ef080000)
 ParOldGen       total 86016K, used 17198K [0x00000000c0000000, 0x00000000c5400000, 0x00000000eaa80000)
  object space 86016K, 19% used [0x00000000c0000000,0x00000000c10cba00,0x00000000c5400000)
 PSPermGen       total 21504K, used 5853K [0x00000000bae00000, 0x00000000bc300000, 0x00000000c0000000)
  object space 21504K, 27% used [0x00000000bae00000,0x00000000bb3b7438,0x00000000bc300000)
}

Deoptimization events (10 events):
Event: 4.073 Thread 0x000000000aa59000 Uncommon trap: reason=bimorphic action=maybe_recompile pc=0x00000000033dfd34 method=com.android.dx.cf.code.RopperMachine.run(Lcom/android/dx/cf/code/Frame;II)V @ 310
Event: 4.073 Thread 0x000000000aa59000 Uncommon trap: reason=bimorphic action=maybe_recompile pc=0x00000000033dfd34 method=com.android.dx.cf.code.RopperMachine.run(Lcom/android/dx/cf/code/Frame;II)V @ 310
Event: 4.073 Thread 0x000000000aa59000 Uncommon trap: reason=bimorphic action=maybe_recompile pc=0x00000000033dfd34 method=com.android.dx.cf.code.RopperMachine.run(Lcom/android/dx/cf/code/Frame;II)V @ 310
Event: 4.081 Thread 0x000000000aa59000 Uncommon trap: reason=class_check action=maybe_recompile pc=0x00000000033c55bc method=com.android.dx.ssa.SCCP.replaceConstants()V @ 127
Event: 4.083 Thread 0x000000000aa59000 Uncommon trap: reason=class_check action=maybe_recompile pc=0x00000000033c55bc method=com.android.dx.ssa.SCCP.replaceConstants()V @ 127
Event: 4.110 Thread 0x0000000003060800 Uncommon trap: reason=bimorphic action=maybe_recompile pc=0x00000000033dfd34 method=com.android.dx.cf.code.RopperMachine.run(Lcom/android/dx/cf/code/Frame;II)V @ 310
Event: 4.851 Thread 0x0000000003060800 Uncommon trap: reason=unreached action=reinterpret pc=0x000000000347aa24 method=com.android.dx.dex.file.DexFile.internIfAppropriate(Lcom/android/dx/rop/cst/Constant;)V @ 92
Event: 5.107 Thread 0x0000000003060800 Uncommon trap: reason=unreached action=reinterpret pc=0x00000000034824c0 method=com.android.dx.dex.code.OutputFinisher.findOpcodeForInsn(Lcom/android/dx/dex/code/DalvInsn;Lcom/android/dx/dex/code/Dop;)Lcom/android/dx/dex/code/Dop; @ 1
Event: 5.108 Thread 0x0000000003060800 Uncommon trap: reason=unreached action=reinterpret pc=0x00000000034074a8 method=com.android.dx.dex.code.OutputFinisher.findOpcodeForInsn(Lcom/android/dx/dex/code/DalvInsn;Lcom/android/dx/dex/code/Dop;)Lcom/android/dx/dex/code/Dop; @ 1
Event: 5.438 Thread 0x0000000003060800 Uncommon trap: reason=unreached action=reinterpret pc=0x00000000034ae43c method=com.android.dx.dex.file.DebugInfoEncoder.emitLocalsAtAddress(I)I @ 137

Internal exceptions (10 events):
Event: 4.998 Thread 0x0000000003060800 Threw 0x00000000ee1dbad0 at C:\re\jdk7u79\2331\hotspot\src\share\vm\prims\jvm.cpp:1304
Event: 4.998 Thread 0x0000000003060800 Threw 0x00000000ee1de908 at C:\re\jdk7u79\2331\hotspot\src\share\vm\prims\jvm.cpp:1304
Event: 4.998 Thread 0x0000000003060800 Threw 0x00000000ee1e1ab0 at C:\re\jdk7u79\2331\hotspot\src\share\vm\prims\jvm.cpp:1304
Event: 5.107 Thread 0x0000000003060800 Threw 0x00000000ee260e30 at C:\re\jdk7u79\2331\hotspot\src\share\vm\prims\jvm.cpp:1304
Event: 5.293 Thread 0x0000000003060800 Threw 0x00000000ee762c88 at C:\re\jdk7u79\2331\hotspot\src\share\vm\prims\jvm.cpp:1304
Event: 5.295 Thread 0x0000000003060800 Threw 0x00000000ee76e7e0 at C:\re\jdk7u79\2331\hotspot\src\share\vm\prims\jvm.cpp:1304
Event: 5.295 Thread 0x0000000003060800 Threw 0x00000000ee771330 at C:\re\jdk7u79\2331\hotspot\src\share\vm\prims\jvm.cpp:1304
Event: 5.438 Thread 0x0000000003060800 Threw 0x00000000ee9dea20 at C:\re\jdk7u79\2331\hotspot\src\share\vm\prims\jvm.cpp:1304
Event: 5.447 Thread 0x0000000003060800 Threw 0x00000000eea58da0 at C:\re\jdk7u79\2331\hotspot\src\share\vm\prims\jvm.cpp:1304
Event: 5.494 Thread 0x0000000003060800 Threw 0x00000000eea5eaf0 at C:\re\jdk7u79\2331\hotspot\src\share\vm\prims\jvm.cpp:1304

Events (10 events):
Event: 5.298 Thread 0x0000000009005800 flushing nmethod 0x000000000335f510
Event: 5.438 Thread 0x0000000003060800 Uncommon trap: trap_request=0xffffffad fr.pc=0x00000000034ae43c
Event: 5.438 Thread 0x0000000003060800 DEOPT PACKING pc=0x00000000034ae43c sp=0x0000000002fcf110
Event: 5.438 Thread 0x0000000003060800 DEOPT UNPACKING pc=0x00000000032675a4 sp=0x0000000002fcf100 mode 2
Event: 5.438 loading class 0x000000000aadeb70
Event: 5.438 loading class 0x000000000aadeb70 done
Event: 5.447 loading class 0x000000000a9dba10
Event: 5.447 loading class 0x000000000a9dba10 done
Event: 5.494 loading class 0x000000000a9ca9b0
Event: 5.494 loading class 0x000000000a9ca9b0 done


Dynamic libraries:
0x00007ff7f9590000 - 0x00007ff7f95c3000 	C:\Program Files\Java\jdk1.7.0_79\bin\java.exe
0x00007ffdd3900000 - 0x00007ffdd3adb000 	C:\WINDOWS\SYSTEM32\ntdll.dll
0x00007ffdd3410000 - 0x00007ffdd34be000 	C:\WINDOWS\System32\KERNEL32.DLL
0x00007ffdd0230000 - 0x00007ffdd0479000 	C:\WINDOWS\System32\KERNELBASE.dll
0x00007ffdd2710000 - 0x00007ffdd27b1000 	C:\WINDOWS\System32\ADVAPI32.dll
0x00007ffdd2c80000 - 0x00007ffdd2d1d000 	C:\WINDOWS\System32\msvcrt.dll
0x00007ffdd2980000 - 0x00007ffdd29d9000 	C:\WINDOWS\System32\sechost.dll
0x00007ffdd29e0000 - 0x00007ffdd2b05000 	C:\WINDOWS\System32\RPCRT4.dll
0x00007ffdd2340000 - 0x00007ffdd248a000 	C:\WINDOWS\System32\USER32.dll
0x00007ffdd0c40000 - 0x00007ffdd0c5e000 	C:\WINDOWS\System32\win32u.dll
0x00007ffdd3270000 - 0x00007ffdd3297000 	C:\WINDOWS\System32\GDI32.dll
0x00007ffdcfe20000 - 0x00007ffdcffa8000 	C:\WINDOWS\System32\gdi32full.dll
0x00007ffdd0c60000 - 0x00007ffdd0cfa000 	C:\WINDOWS\System32\msvcp_win.dll
0x00007ffdd0d00000 - 0x00007ffdd0df6000 	C:\WINDOWS\System32\ucrtbase.dll
0x00007ffdba070000 - 0x00007ffdba2d7000 	C:\WINDOWS\WinSxS\amd64_microsoft.windows.common-controls_6595b64144ccf1df_6.0.15063.483_none_26002d27e7c744a2\COMCTL32.dll
0x00007ffdd2dd0000 - 0x00007ffdd30c9000 	C:\WINDOWS\System32\combase.dll
0x00007ffdd0480000 - 0x00007ffdd04ea000 	C:\WINDOWS\System32\bcryptPrimitives.dll
0x00007ffdd2500000 - 0x00007ffdd252d000 	C:\WINDOWS\System32\IMM32.DLL
0x00000000628d0000 - 0x00000000629a2000 	C:\Program Files\Java\jdk1.7.0_79\jre\bin\msvcr100.dll
0x0000000062d60000 - 0x0000000063535000 	C:\Program Files\Java\jdk1.7.0_79\jre\bin\server\jvm.dll
0x00007ffdd2490000 - 0x00007ffdd2498000 	C:\WINDOWS\System32\PSAPI.DLL
0x00007ffdb9530000 - 0x00007ffdb9539000 	C:\WINDOWS\SYSTEM32\WSOCK32.dll
0x00007ffdd2670000 - 0x00007ffdd26dc000 	C:\WINDOWS\System32\WS2_32.dll
0x00007ffdc8bd0000 - 0x00007ffdc8bf3000 	C:\WINDOWS\SYSTEM32\WINMM.dll
0x00007ffdc8b00000 - 0x00007ffdc8b2b000 	C:\WINDOWS\SYSTEM32\WINMMBASE.dll
0x00007ffdd0bf0000 - 0x00007ffdd0c39000 	C:\WINDOWS\System32\cfgmgr32.dll
0x0000000062d50000 - 0x0000000062d5f000 	C:\Program Files\Java\jdk1.7.0_79\jre\bin\verify.dll
0x0000000062d20000 - 0x0000000062d48000 	C:\Program Files\Java\jdk1.7.0_79\jre\bin\java.dll
0x0000000062d00000 - 0x0000000062d15000 	C:\Program Files\Java\jdk1.7.0_79\jre\bin\zip.dll
0x0000000062ce0000 - 0x0000000062cfa000 	C:\Program Files\Java\jdk1.7.0_79\jre\bin\net.dll
0x0000000180000000 - 0x000000018006d000 	C:\WINDOWS\system32\LavasoftTcpService64.dll
0x00007ffdd27d0000 - 0x00007ffdd2915000 	C:\WINDOWS\System32\ole32.dll
0x00007ffdd2530000 - 0x00007ffdd25f0000 	C:\WINDOWS\System32\OLEAUT32.dll
0x00007ffdcf680000 - 0x00007ffdcf6dc000 	C:\WINDOWS\SYSTEM32\MSWSOCK.dll
0x00007ffdcf420000 - 0x00007ffdcf457000 	C:\WINDOWS\SYSTEM32\IPHLPAPI.DLL
0x00007ffdc8c00000 - 0x00007ffdc8c0a000 	C:\WINDOWS\SYSTEM32\VERSION.dll
0x00007ffdcfc70000 - 0x00007ffdcfca0000 	C:\WINDOWS\SYSTEM32\SspiCli.dll
0x0000000062cc0000 - 0x0000000062cd1000 	C:\Program Files\Java\jdk1.7.0_79\jre\bin\nio.dll
0x00007ffdcfde0000 - 0x00007ffdcfdf1000 	C:\WINDOWS\System32\kernel.appcore.dll
0x00007ffdce5b0000 - 0x00007ffdce645000 	C:\WINDOWS\system32\uxtheme.dll
0x00007ffdb5890000 - 0x00007ffdb5931000 	C:\Program Files\Common Files\microsoft shared\ink\tiptsf.dll
0x00007ffdd0e60000 - 0x00007ffdd0efe000 	C:\WINDOWS\System32\clbcatq.dll
0x00007ffdcfbd0000 - 0x00007ffdcfc6a000 	C:\WINDOWS\SYSTEM32\sxs.dll

VM Arguments:
jvm_args: -Djava.awt.headless=true -Xmx1024M -Dfile.encoding=windows-1252 -Duser.country=US -Duser.language=en -Duser.variant 
java_command: com.android.dx.command.Main --dex --num-threads=4 --output D:\DATA ADENIN\NEW_ANDROID_CEVEST\KONTROL-ABSEN\app\build\intermediates\pre-dexed\debug\com.android.support-recyclerview-v7-23.1.1_e238b8087844545efbd6edf67d2efe958451f9f8.jar D:\DATA ADENIN\NEW_ANDROID_CEVEST\KONTROL-ABSEN\app\build\intermediates\exploded-aar\com.android.support\recyclerview-v7\23.1.1\jars\classes.jar
Launcher Type: SUN_STANDARD

Environment Variables:
PATH=C:\WINDOWS\system32;C:\WINDOWS;C:\WINDOWS\System32\Wbem;C:\WINDOWS\System32\WindowsPowerShell\v1.0\;C:\Program Files (x86)\Microsoft SQL Server\100\Tools\Binn\;C:\Program Files\Microsoft SQL Server\100\Tools\Binn\;C:\Program Files\Microsoft SQL Server\100\DTS\Binn\;C:\Program Files (x86)\Microsoft SQL Server\100\Tools\Binn\VSShell\Common7\IDE\;C:\Program Files (x86)\Microsoft Visual Studio 9.0\Common7\IDE\PrivateAssemblies\;C:\Program Files (x86)\Microsoft SQL Server\100\DTS\Binn\;C:\Users\nur\AppData\Local\Microsoft\WindowsApps;
USERNAME=nur
OS=Windows_NT
PROCESSOR_IDENTIFIER=Intel64 Family 6 Model 78 Stepping 3, GenuineIntel



---------------  S Y S T E M  ---------------

OS: Windows 8.1 , 64 bit Build 9600 

CPU:total 4 (2 cores per cpu, 2 threads per core) family 6 model 78 stepping 3, cmov, cx8, fxsr, mmx, sse, sse2, sse3, ssse3, sse4.1, sse4.2, popcnt, avx, avx2, aes, erms, ht, tsc, tscinvbit

Memory: 4k page, physical 8297892k(572164k free), swap 23361616k(5156k free)

vm_info: Java HotSpot(TM) 64-Bit Server VM (24.79-b02) for windows-amd64 JRE (1.7.0_79-b15), built on Apr 10 2015 12:36:16 by "java_re" with unknown MS VC++:1600

time: Mon Oct 02 23:54:04 2017
elapsed time: 5 seconds

