#
# There is insufficient memory for the Java Runtime Environment to continue.
# Native memory allocation (malloc) failed to allocate 32744 bytes for ChunkPool::allocate
# Possible reasons:
#   The system is out of physical RAM or swap space
#   In 32 bit mode, the process size limit was hit
# Possible solutions:
#   Reduce memory load on the system
#   Increase physical memory or swap space
#   Check if swap backing store is full
#   Use 64 bit Java on a 64 bit OS
#   Decrease Java heap size (-Xmx/-Xms)
#   Decrease number of Java threads
#   Decrease Java thread stack sizes (-Xss)
#   Set larger code cache with -XX:ReservedCodeCacheSize=
# This output file may be truncated or incomplete.
#
#  Out of Memory Error (allocation.cpp:211), pid=8112, tid=9608
#
# JRE version: Java(TM) SE Runtime Environment (7.0_79-b15) (build 1.7.0_79-b15)
# Java VM: Java HotSpot(TM) 64-Bit Server VM (24.79-b02 mixed mode windows-amd64 compressed oops)
# Failed to write core dump. Minidumps are not enabled by default on client versions of Windows
#

---------------  T H R E A D  ---------------

Current thread (0x0000000008edd000):  JavaThread "C2 CompilerThread1" daemon [_thread_in_native, id=9608, stack(0x000000000a540000,0x000000000a640000)]

Stack: [0x000000000a540000,0x000000000a640000]

Current CompileTask:
C2:   5640  646   !         com.android.dx.cf.code.BytecodeArray::parseInstruction (2764 bytes)


---------------  P R O C E S S  ---------------

Java Threads: ( => current thread )
  0x000000000aa32800 JavaThread "pool-1-thread-4" [_thread_in_Java, id=768, stack(0x000000000be00000,0x000000000bf00000)]
  0x000000000aa2e000 JavaThread "pool-1-thread-3" [_thread_blocked, id=2336, stack(0x000000000bd00000,0x000000000be00000)]
  0x000000000aa2b000 JavaThread "pool-1-thread-2" [_thread_in_Java, id=216, stack(0x000000000bc00000,0x000000000bd00000)]
  0x000000000aa9f800 JavaThread "pool-2-thread-1" [_thread_blocked, id=1808, stack(0x000000000bb00000,0x000000000bc00000)]
  0x000000000a9ae800 JavaThread "pool-1-thread-1" [_thread_blocked, id=6240, stack(0x000000000ba00000,0x000000000bb00000)]
  0x0000000008eef000 JavaThread "Service Thread" daemon [_thread_blocked, id=11380, stack(0x000000000a640000,0x000000000a740000)]
=>0x0000000008edd000 JavaThread "C2 CompilerThread1" daemon [_thread_in_native, id=9608, stack(0x000000000a540000,0x000000000a640000)]
  0x0000000008edb800 JavaThread "C2 CompilerThread0" daemon [_thread_in_native, id=9780, stack(0x000000000a440000,0x000000000a540000)]
  0x0000000008eda800 JavaThread "Attach Listener" daemon [_thread_blocked, id=11144, stack(0x000000000a340000,0x000000000a440000)]
  0x0000000008ed7800 JavaThread "Signal Dispatcher" daemon [_thread_blocked, id=8336, stack(0x000000000a240000,0x000000000a340000)]
  0x0000000008e9b800 JavaThread "Finalizer" daemon [_thread_blocked, id=300, stack(0x000000000a140000,0x000000000a240000)]
  0x0000000008e98000 JavaThread "Reference Handler" daemon [_thread_blocked, id=5624, stack(0x000000000a040000,0x000000000a140000)]
  0x0000000003000800 JavaThread "main" [_thread_blocked, id=5788, stack(0x0000000002e20000,0x0000000002f20000)]

Other Threads:
  0x0000000008e93000 VMThread [stack: 0x0000000009f40000,0x000000000a040000] [id=6624]
  0x0000000008ef9000 WatcherThread [stack: 0x000000000a740000,0x000000000a840000] [id=5200]

VM state:not at safepoint (normal execution)

VM Mutex/Monitor currently owned by a thread: None

Heap
 PSYoungGen      total 138240K, used 39545K [0x00000000eaa80000, 0x00000000fe580000, 0x0000000100000000)
  eden space 133120K, 25% used [0x00000000eaa80000,0x00000000ecc229e0,0x00000000f2c80000)
  from space 5120K, 99% used [0x00000000f2c80000,0x00000000f317bca8,0x00000000f3180000)
  to   space 28160K, 0% used [0x00000000fca00000,0x00000000fca00000,0x00000000fe580000)
 ParOldGen       total 86016K, used 48744K [0x00000000c0000000, 0x00000000c5400000, 0x00000000eaa80000)
  object space 86016K, 56% used [0x00000000c0000000,0x00000000c2f9a0a8,0x00000000c5400000)
 PSPermGen       total 21504K, used 5985K [0x00000000bae00000, 0x00000000bc300000, 0x00000000c0000000)
  object space 21504K, 27% used [0x00000000bae00000,0x00000000bb3d8748,0x00000000bc300000)

Card table byte_map: [0x0000000006100000,0x0000000006330000] byte_map_base: 0x0000000005b29000

Polling page: 0x0000000002d30000

Code Cache  [0x0000000003100000, 0x00000000033c0000, 0x0000000006100000)
 total_blobs=884 nmethods=647 adapters=189 free_code_cache=46424Kb largest_free_block=47496128

Compilation events (10 events):
Event: 5.575 Thread 0x0000000008edb800 nmethod 650 0x00000000033a2c50 code [0x00000000033a2da0, 0x00000000033a2ef8]
Event: 5.583 Thread 0x0000000008edb800  651             com.android.dx.dex.cf.AttributeTranslator::getExceptions (32 bytes)
Event: 5.586 Thread 0x0000000008edb800 nmethod 651 0x00000000033a1190 code [0x00000000033a1300, 0x00000000033a1638]
Event: 5.590 Thread 0x0000000008edb800  652             com.android.dx.ssa.SsaMethod::onInsnsChanged (16 bytes)
Event: 5.590 Thread 0x0000000008edb800 nmethod 652 0x00000000033a2a50 code [0x00000000033a2b80, 0x00000000033a2bd8]
Event: 5.595 Thread 0x0000000008edb800  653             java.util.zip.ZStreamRef::address (5 bytes)
Event: 5.595 Thread 0x0000000008edb800 nmethod 653 0x00000000033a2850 code [0x00000000033a2980, 0x00000000033a29d8]
Event: 5.598 Thread 0x0000000008edb800  655             com.android.dx.cf.attrib.BaseLocalVariables::byteLength (14 bytes)
Event: 5.599 Thread 0x0000000008edb800 nmethod 655 0x00000000033a0b10 code [0x00000000033a0c40, 0x00000000033a0cb8]
Event: 5.600 Thread 0x0000000008edb800  656   !         com.android.dx.cf.code.Ropper::processBlock (1101 bytes)

GC Heap History (10 events):
Event: 1.746 GC heap before
{Heap before GC invocations=1 (full 0):
 PSYoungGen      total 38400K, used 33280K [0x00000000eaa80000, 0x00000000ed500000, 0x0000000100000000)
  eden space 33280K, 100% used [0x00000000eaa80000,0x00000000ecb00000,0x00000000ecb00000)
  from space 5120K, 0% used [0x00000000ed000000,0x00000000ed000000,0x00000000ed500000)
  to   space 5120K, 0% used [0x00000000ecb00000,0x00000000ecb00000,0x00000000ed000000)
 ParOldGen       total 86016K, used 0K [0x00000000c0000000, 0x00000000c5400000, 0x00000000eaa80000)
  object space 86016K, 0% used [0x00000000c0000000,0x00000000c0000000,0x00000000c5400000)
 PSPermGen       total 21504K, used 5736K [0x00000000bae00000, 0x00000000bc300000, 0x00000000c0000000)
  object space 21504K, 26% used [0x00000000bae00000,0x00000000bb39a280,0x00000000bc300000)
Event: 1.898 GC heap after
Heap after GC invocations=1 (full 0):
 PSYoungGen      total 38400K, used 5111K [0x00000000eaa80000, 0x00000000ef580000, 0x0000000100000000)
  eden space 33280K, 0% used [0x00000000eaa80000,0x00000000eaa80000,0x00000000ecb00000)
  from space 5120K, 99% used [0x00000000ecb00000,0x00000000ecffdc88,0x00000000ed000000)
  to   space 5120K, 0% used [0x00000000ef080000,0x00000000ef080000,0x00000000ef580000)
 ParOldGen       total 86016K, used 1467K [0x00000000c0000000, 0x00000000c5400000, 0x00000000eaa80000)
  object space 86016K, 1% used [0x00000000c0000000,0x00000000c016ec48,0x00000000c5400000)
 PSPermGen       total 21504K, used 5736K [0x00000000bae00000, 0x00000000bc300000, 0x00000000c0000000)
  object space 21504K, 26% used [0x00000000bae00000,0x00000000bb39a280,0x00000000bc300000)
}
Event: 3.302 GC heap before
{Heap before GC invocations=2 (full 0):
 PSYoungGen      total 38400K, used 38391K [0x00000000eaa80000, 0x00000000ef580000, 0x0000000100000000)
  eden space 33280K, 100% used [0x00000000eaa80000,0x00000000ecb00000,0x00000000ecb00000)
  from space 5120K, 99% used [0x00000000ecb00000,0x00000000ecffdc88,0x00000000ed000000)
  to   space 5120K, 0% used [0x00000000ef080000,0x00000000ef080000,0x00000000ef580000)
 ParOldGen       total 86016K, used 1467K [0x00000000c0000000, 0x00000000c5400000, 0x00000000eaa80000)
  object space 86016K, 1% used [0x00000000c0000000,0x00000000c016ec48,0x00000000c5400000)
 PSPermGen       total 21504K, used 5819K [0x00000000bae00000, 0x00000000bc300000, 0x00000000c0000000)
  object space 21504K, 27% used [0x00000000bae00000,0x00000000bb3aef38,0x00000000bc300000)
Event: 3.341 GC heap after
Heap after GC invocations=2 (full 0):
 PSYoungGen      total 71680K, used 5098K [0x00000000eaa80000, 0x00000000ef580000, 0x0000000100000000)
  eden space 66560K, 0% used [0x00000000eaa80000,0x00000000eaa80000,0x00000000eeb80000)
  from space 5120K, 99% used [0x00000000ef080000,0x00000000ef57aab8,0x00000000ef580000)
  to   space 5120K, 0% used [0x00000000eeb80000,0x00000000eeb80000,0x00000000ef080000)
 ParOldGen       total 86016K, used 6357K [0x00000000c0000000, 0x00000000c5400000, 0x00000000eaa80000)
  object space 86016K, 7% used [0x00000000c0000000,0x00000000c06357f0,0x00000000c5400000)
 PSPermGen       total 21504K, used 5819K [0x00000000bae00000, 0x00000000bc300000, 0x00000000c0000000)
  object space 21504K, 27% used [0x00000000bae00000,0x00000000bb3aef38,0x00000000bc300000)
}
Event: 4.253 GC heap before
{Heap before GC invocations=3 (full 0):
 PSYoungGen      total 71680K, used 71658K [0x00000000eaa80000, 0x00000000ef580000, 0x0000000100000000)
  eden space 66560K, 100% used [0x00000000eaa80000,0x00000000eeb80000,0x00000000eeb80000)
  from space 5120K, 99% used [0x00000000ef080000,0x00000000ef57aab8,0x00000000ef580000)
  to   space 5120K, 0% used [0x00000000eeb80000,0x00000000eeb80000,0x00000000ef080000)
 ParOldGen       total 86016K, used 6357K [0x00000000c0000000, 0x00000000c5400000, 0x00000000eaa80000)
  object space 86016K, 7% used [0x00000000c0000000,0x00000000c06357f0,0x00000000c5400000)
 PSPermGen       total 21504K, used 5884K [0x00000000bae00000, 0x00000000bc300000, 0x00000000c0000000)
  object space 21504K, 27% used [0x00000000bae00000,0x00000000bb3bf320,0x00000000bc300000)
Event: 4.303 GC heap after
Heap after GC invocations=3 (full 0):
 PSYoungGen      total 71680K, used 5120K [0x00000000eaa80000, 0x00000000f3680000, 0x0000000100000000)
  eden space 66560K, 0% used [0x00000000eaa80000,0x00000000eaa80000,0x00000000eeb80000)
  from space 5120K, 100% used [0x00000000eeb80000,0x00000000ef080000,0x00000000ef080000)
  to   space 5120K, 0% used [0x00000000f3180000,0x00000000f3180000,0x00000000f3680000)
 ParOldGen       total 86016K, used 16805K [0x00000000c0000000, 0x00000000c5400000, 0x00000000eaa80000)
  object space 86016K, 19% used [0x00000000c0000000,0x00000000c10695d0,0x00000000c5400000)
 PSPermGen       total 21504K, used 5884K [0x00000000bae00000, 0x00000000bc300000, 0x00000000c0000000)
  object space 21504K, 27% used [0x00000000bae00000,0x00000000bb3bf320,0x00000000bc300000)
}
Event: 4.779 GC heap before
{Heap before GC invocations=4 (full 0):
 PSYoungGen      total 71680K, used 71680K [0x00000000eaa80000, 0x00000000f3680000, 0x0000000100000000)
  eden space 66560K, 100% used [0x00000000eaa80000,0x00000000eeb80000,0x00000000eeb80000)
  from space 5120K, 100% used [0x00000000eeb80000,0x00000000ef080000,0x00000000ef080000)
  to   space 5120K, 0% used [0x00000000f3180000,0x00000000f3180000,0x00000000f3680000)
 ParOldGen       total 86016K, used 16805K [0x00000000c0000000, 0x00000000c5400000, 0x00000000eaa80000)
  object space 86016K, 19% used [0x00000000c0000000,0x00000000c10695d0,0x00000000c5400000)
 PSPermGen       total 21504K, used 5910K [0x00000000bae00000, 0x00000000bc300000, 0x00000000c0000000)
  object space 21504K, 27% used [0x00000000bae00000,0x00000000bb3c58f8,0x00000000bc300000)
Event: 4.805 GC heap after
Heap after GC invocations=4 (full 0):
 PSYoungGen      total 138240K, used 5099K [0x00000000eaa80000, 0x00000000f3680000, 0x0000000100000000)
  eden space 133120K, 0% used [0x00000000eaa80000,0x00000000eaa80000,0x00000000f2c80000)
  from space 5120K, 99% used [0x00000000f3180000,0x00000000f367af48,0x00000000f3680000)
  to   space 5120K, 0% used [0x00000000f2c80000,0x00000000f2c80000,0x00000000f3180000)
 ParOldGen       total 86016K, used 28328K [0x00000000c0000000, 0x00000000c5400000, 0x00000000eaa80000)
  object space 86016K, 32% used [0x00000000c0000000,0x00000000c1baa038,0x00000000c5400000)
 PSPermGen       total 21504K, used 5910K [0x00000000bae00000, 0x00000000bc300000, 0x00000000c0000000)
  object space 21504K, 27% used [0x00000000bae00000,0x00000000bb3c58f8,0x00000000bc300000)
}
Event: 5.458 GC heap before
{Heap before GC invocations=5 (full 0):
 PSYoungGen      total 138240K, used 138219K [0x00000000eaa80000, 0x00000000f3680000, 0x0000000100000000)
  eden space 133120K, 100% used [0x00000000eaa80000,0x00000000f2c80000,0x00000000f2c80000)
  from space 5120K, 99% used [0x00000000f3180000,0x00000000f367af48,0x00000000f3680000)
  to   space 5120K, 0% used [0x00000000f2c80000,0x00000000f2c80000,0x00000000f3180000)
 ParOldGen       total 86016K, used 28328K [0x00000000c0000000, 0x00000000c5400000, 0x00000000eaa80000)
  object space 86016K, 32% used [0x00000000c0000000,0x00000000c1baa038,0x00000000c5400000)
 PSPermGen       total 21504K, used 5982K [0x00000000bae00000, 0x00000000bc300000, 0x00000000c0000000)
  object space 21504K, 27% used [0x00000000bae00000,0x00000000bb3d7888,0x00000000bc300000)
Event: 5.540 GC heap after
Heap after GC invocations=5 (full 0):
 PSYoungGen      total 138240K, used 5103K [0x00000000eaa80000, 0x00000000fe580000, 0x0000000100000000)
  eden space 133120K, 0% used [0x00000000eaa80000,0x00000000eaa80000,0x00000000f2c80000)
  from space 5120K, 99% used [0x00000000f2c80000,0x00000000f317bca8,0x00000000f3180000)
  to   space 28160K, 0% used [0x00000000fca00000,0x00000000fca00000,0x00000000fe580000)
 ParOldGen       total 86016K, used 48744K [0x00000000c0000000, 0x00000000c5400000, 0x00000000eaa80000)
  object space 86016K, 56% used [0x00000000c0000000,0x00000000c2f9a0a8,0x00000000c5400000)
 PSPermGen       total 21504K, used 5982K [0x00000000bae00000, 0x00000000bc300000, 0x00000000c0000000)
  object space 21504K, 27% used [0x00000000bae00000,0x00000000bb3d7888,0x00000000bc300000)
}

Deoptimization events (10 events):
Event: 4.919 Thread 0x0000000003000800 Uncommon trap: reason=unreached action=reinterpret pc=0x00000000031cc420 method=com.android.dx.cf.direct.StdAttributeFactory.parse0(Lcom/android/dx/cf/direct/DirectClassFile;ILjava/lang/String;IILcom/android/dx/cf/iface/ParseObserver;)Lcom/android/dx/cf/ifaeè¿,¿@
Event: 4.938 Thread 0x000000000aa2e000 Uncommon trap: reason=class_check action=maybe_recompile pc=0x0000000003321e08 method=com.android.dx.ssa.back.FirstFitLocalCombiningAllocator.findNextUnreservedRopReg(IILcom/android/dx/ssa/back/FirstFitLocalCombiningAllocator$Alignment;)I @ 60
Event: 4.938 Thread 0x000000000aa2e000 Uncommon trap: reason=class_check action=maybe_recompile pc=0x0000000003321e08 method=com.android.dx.ssa.back.FirstFitLocalCombiningAllocator.findNextUnreservedRopReg(IILcom/android/dx/ssa/back/FirstFitLocalCombiningAllocator$Alignment;)I @ 60
Event: 4.940 Thread 0x000000000aa2e000 Uncommon trap: reason=class_check action=maybe_recompile pc=0x0000000003321e08 method=com.android.dx.ssa.back.FirstFitLocalCombiningAllocator.findNextUnreservedRopReg(IILcom/android/dx/ssa/back/FirstFitLocalCombiningAllocator$Alignment;)I @ 60
Event: 4.940 Thread 0x000000000aa2e000 Uncommon trap: reason=class_check action=maybe_recompile pc=0x0000000003321e08 method=com.android.dx.ssa.back.FirstFitLocalCombiningAllocator.findNextUnreservedRopReg(IILcom/android/dx/ssa/back/FirstFitLocalCombiningAllocator$Alignment;)I @ 60
Event: 5.242 Thread 0x0000000003000800 Uncommon trap: reason=bimorphic action=maybe_recompile pc=0x000000000337e560 method=com.android.dx.cf.code.BytecodeArray.parseInstruction(ILcom/android/dx/cf/code/BytecodeArray$Visitor;)I @ 1287
Event: 5.242 Thread 0x0000000003000800 Uncommon trap: reason=bimorphic action=maybe_recompile pc=0x000000000337e560 method=com.android.dx.cf.code.BytecodeArray.parseInstruction(ILcom/android/dx/cf/code/BytecodeArray$Visitor;)I @ 1287
Event: 5.542 Thread 0x000000000aa2e000 Uncommon trap: reason=class_check action=maybe_recompile pc=0x00000000031ffcdc method=com.android.dx.cf.code.Ropper.processBlock(Lcom/android/dx/cf/code/ByteBlock;Lcom/android/dx/cf/code/Frame;[I)V @ 777
Event: 5.595 Thread 0x000000000aa2b000 Uncommon trap: reason=class_check action=maybe_recompile pc=0x00000000031ffcdc method=com.android.dx.cf.code.Ropper.processBlock(Lcom/android/dx/cf/code/ByteBlock;Lcom/android/dx/cf/code/Frame;[I)V @ 777
Event: 5.596 Thread 0x000000000a9ae800 Uncommon trap: reason=class_check action=maybe_recompile pc=0x00000000031ffcdc method=com.android.dx.cf.code.Ropper.processBlock(Lcom/android/dx/cf/code/ByteBlock;Lcom/android/dx/cf/code/Frame;[I)V @ 777

Internal exceptions (10 events):
Event: 1.910 Thread 0x000000000aa2e000 Threw 0x00000000eacb2b28 at C:\re\jdk7u79\2331\hotspot\src\share\vm\prims\jvm.cpp:1304
Event: 2.257 Thread 0x000000000aa2e000 Threw 0x00000000eb0b1b88 at C:\re\jdk7u79\2331\hotspot\src\share\vm\prims\jvm.cpp:1304
Event: 2.994 Thread 0x0000000003000800 Implicit null exception at 0x0000000003251777 to 0x0000000003251e55
Event: 3.015 Thread 0x0000000003000800 Threw 0x00000000ebde13d8 at C:\re\jdk7u79\2331\hotspot\src\share\vm\prims\jvm.cpp:1304
Event: 3.745 Thread 0x000000000aa2b000 Threw 0x00000000eba29788 at C:\re\jdk7u79\2331\hotspot\src\share\vm\prims\jvm.cpp:1304
Event: 3.800 Thread 0x000000000a9ae800 Implicit null exception at 0x0000000003296f1c to 0x0000000003297079
Event: 3.800 Thread 0x000000000a9ae800 Implicit null exception at 0x000000000325beb2 to 0x000000000325c881
Event: 4.189 Thread 0x000000000aa2e000 Implicit null exception at 0x00000000031a0752 to 0x00000000031a0845
Event: 4.494 Thread 0x0000000003000800 Threw 0x00000000ebe84e18 at C:\re\jdk7u79\2331\hotspot\src\share\vm\prims\jvm.cpp:1304
Event: 4.567 Thread 0x0000000003000800 Threw 0x00000000ebe90228 at C:\re\jdk7u79\2331\hotspot\src\share\vm\prims\jvm.cpp:1304

Events (10 events):
Event: 5.540 Executing VM operation: ParallelGCFailedAllocation done
Event: 5.542 Thread 0x000000000aa2e000 Uncommon trap: trap_request=0xffffffde fr.pc=0x00000000031ffcdc
Event: 5.542 Thread 0x000000000aa2e000 DEOPT PACKING pc=0x00000000031ffcdc sp=0x000000000bdff090
Event: 5.542 Thread 0x000000000aa2e000 DEOPT UNPACKING pc=0x00000000031375a4 sp=0x000000000bdff028 mode 2
Event: 5.595 Thread 0x000000000aa2b000 Uncommon trap: trap_request=0xffffffde fr.pc=0x00000000031ffcdc
Event: 5.595 Thread 0x000000000aa2b000 DEOPT PACKING pc=0x00000000031ffcdc sp=0x000000000bcfec40
Event: 5.595 Thread 0x000000000aa2b000 DEOPT UNPACKING pc=0x00000000031375a4 sp=0x000000000bcfebd8 mode 2
Event: 5.596 Thread 0x000000000a9ae800 Uncommon trap: trap_request=0xffffffde fr.pc=0x00000000031ffcdc
Event: 5.596 Thread 0x000000000a9ae800 DEOPT PACKING pc=0x00000000031ffcdc sp=0x000000000bafec10
Event: 5.596 Thread 0x000000000a9ae800 DEOPT UNPACKING pc=0x00000000031375a4 sp=0x000000000bafeba8 mode 2


Dynamic libraries:
0x00007ff7f9590000 - 0x00007ff7f95c3000 	C:\Program Files\Java\jdk1.7.0_79\bin\java.exe
0x00007ffdd3900000 - 0x00007ffdd3adb000 	C:\WINDOWS\SYSTEM32\ntdll.dll
0x00007ffdd3410000 - 0x00007ffdd34be000 	C:\WINDOWS\System32\KERNEL32.DLL
0x00007ffdd0230000 - 0x00007ffdd0479000 	C:\WINDOWS\System32\KERNELBASE.dll
0x00007ffdd2710000 - 0x00007ffdd27b1000 	C:\WINDOWS\System32\ADVAPI32.dll
0x00007ffdd2c80000 - 0x00007ffdd2d1d000 	C:\WINDOWS\System32\msvcrt.dll
0x00007ffdd2980000 - 0x00007ffdd29d9000 	C:\WINDOWS\System32\sechost.dll
0x00007ffdd29e0000 - 0x00007ffdd2b05000 	C:\WINDOWS\System32\RPCRT4.dll
0x00007ffdd2340000 - 0x00007ffdd248a000 	C:\WINDOWS\System32\USER32.dll
0x00007ffdd0c40000 - 0x00007ffdd0c5e000 	C:\WINDOWS\System32\win32u.dll
0x00007ffdd3270000 - 0x00007ffdd3297000 	C:\WINDOWS\System32\GDI32.dll
0x00007ffdcfe20000 - 0x00007ffdcffa8000 	C:\WINDOWS\System32\gdi32full.dll
0x00007ffdd0c60000 - 0x00007ffdd0cfa000 	C:\WINDOWS\System32\msvcp_win.dll
0x00007ffdd0d00000 - 0x00007ffdd0df6000 	C:\WINDOWS\System32\ucrtbase.dll
0x00007ffdba070000 - 0x00007ffdba2d7000 	C:\WINDOWS\WinSxS\amd64_microsoft.windows.common-controls_6595b64144ccf1df_6.0.15063.483_none_26002d27e7c744a2\COMCTL32.dll
0x00007ffdd2dd0000 - 0x00007ffdd30c9000 	C:\WINDOWS\System32\combase.dll
0x00007ffdd0480000 - 0x00007ffdd04ea000 	C:\WINDOWS\System32\bcryptPrimitives.dll
0x00007ffdd2500000 - 0x00007ffdd252d000 	C:\WINDOWS\System32\IMM32.DLL
0x00000000628d0000 - 0x00000000629a2000 	C:\Program Files\Java\jdk1.7.0_79\jre\bin\msvcr100.dll
0x0000000062d60000 - 0x0000000063535000 	C:\Program Files\Java\jdk1.7.0_79\jre\bin\server\jvm.dll
0x00007ffdd2490000 - 0x00007ffdd2498000 	C:\WINDOWS\System32\PSAPI.DLL
0x00007ffdb9530000 - 0x00007ffdb9539000 	C:\WINDOWS\SYSTEM32\WSOCK32.dll
0x00007ffdd2670000 - 0x00007ffdd26dc000 	C:\WINDOWS\System32\WS2_32.dll
0x00007ffdc8bd0000 - 0x00007ffdc8bf3000 	C:\WINDOWS\SYSTEM32\WINMM.dll
0x00007ffdc8b00000 - 0x00007ffdc8b2b000 	C:\WINDOWS\SYSTEM32\WINMMBASE.dll
0x00007ffdd0bf0000 - 0x00007ffdd0c39000 	C:\WINDOWS\System32\cfgmgr32.dll
0x0000000062d50000 - 0x0000000062d5f000 	C:\Program Files\Java\jdk1.7.0_79\jre\bin\verify.dll
0x0000000062d20000 - 0x0000000062d48000 	C:\Program Files\Java\jdk1.7.0_79\jre\bin\java.dll
0x0000000062d00000 - 0x0000000062d15000 	C:\Program Files\Java\jdk1.7.0_79\jre\bin\zip.dll
0x0000000062ce0000 - 0x0000000062cfa000 	C:\Program Files\Java\jdk1.7.0_79\jre\bin\net.dll
0x0000000180000000 - 0x000000018006d000 	C:\WINDOWS\system32\LavasoftTcpService64.dll
0x00007ffdd27d0000 - 0x00007ffdd2915000 	C:\WINDOWS\System32\ole32.dll
0x00007ffdd2530000 - 0x00007ffdd25f0000 	C:\WINDOWS\System32\OLEAUT32.dll
0x00007ffdcf680000 - 0x00007ffdcf6dc000 	C:\WINDOWS\SYSTEM32\MSWSOCK.dll
0x00007ffdcf420000 - 0x00007ffdcf457000 	C:\WINDOWS\SYSTEM32\IPHLPAPI.DLL
0x00007ffdc8c00000 - 0x00007ffdc8c0a000 	C:\WINDOWS\SYSTEM32\VERSION.dll
0x00007ffdcfc70000 - 0x00007ffdcfca0000 	C:\WINDOWS\SYSTEM32\SspiCli.dll
0x0000000062cc0000 - 0x0000000062cd1000 	C:\Program Files\Java\jdk1.7.0_79\jre\bin\nio.dll
0x00007ffdcfde0000 - 0x00007ffdcfdf1000 	C:\WINDOWS\System32\kernel.appcore.dll
0x00007ffdce5b0000 - 0x00007ffdce645000 	C:\WINDOWS\system32\uxtheme.dll
0x00007ffdb5890000 - 0x00007ffdb5931000 	C:\Program Files\Common Files\microsoft shared\ink\tiptsf.dll
0x00007ffdd0e60000 - 0x00007ffdd0efe000 	C:\WINDOWS\System32\clbcatq.dll
0x00007ffdcfbd0000 - 0x00007ffdcfc6a000 	C:\WINDOWS\SYSTEM32\sxs.dll

VM Arguments:
jvm_args: -Djava.awt.headless=true -Xmx1024M -Dfile.encoding=windows-1252 -Duser.country=US -Duser.language=en -Duser.variant 
java_command: com.android.dx.command.Main --dex --num-threads=4 --output D:\DATA ADENIN\NEW_ANDROID_CEVEST\KONTROL-ABSEN\app\build\intermediates\pre-dexed\debug\com.android.support-support-v4-23.1.1_90c03e262ed2243294d4cb8c059c9d40802d5d2f.jar D:\DATA ADENIN\NEW_ANDROID_CEVEST\KONTROL-ABSEN\app\build\intermediates\exploded-aar\com.android.support\support-v4\23.1.1\jars\classes.jar
Launcher Type: SUN_STANDARD

Environment Variables:
PATH=C:\WINDOWS\system32;C:\WINDOWS;C:\WINDOWS\System32\Wbem;C:\WINDOWS\System32\WindowsPowerShell\v1.0\;C:\Program Files (x86)\Microsoft SQL Server\100\Tools\Binn\;C:\Program Files\Microsoft SQL Server\100\Tools\Binn\;C:\Program Files\Microsoft SQL Server\100\DTS\Binn\;C:\Program Files (x86)\Microsoft SQL Server\100\Tools\Binn\VSShell\Common7\IDE\;C:\Program Files (x86)\Microsoft Visual Studio 9.0\Common7\IDE\PrivateAssemblies\;C:\Program Files (x86)\Microsoft SQL Server\100\DTS\Binn\;C:\Users\nur\AppData\Local\Microsoft\WindowsApps;
USERNAME=nur
OS=Windows_NT
PROCESSOR_IDENTIFIER=Intel64 Family 6 Model 78 Stepping 3, GenuineIntel



---------------  S Y S T E M  ---------------

OS: Windows 8.1 , 64 bit Build 9600 

CPU:total 4 (2 cores per cpu, 2 threads per core) family 6 model 78 stepping 3, cmov, cx8, fxsr, mmx, sse, sse2, sse3, ssse3, sse4.1, sse4.2, popcnt, avx, avx2, aes, erms, ht, tsc, tscinvbit

Memory: 4k page, physical 8297892k(574752k free), swap 23361616k(5156k free)

vm_info: Java HotSpot(TM) 64-Bit Server VM (24.79-b02) for windows-amd64 JRE (1.7.0_79-b15), built on Apr 10 2015 12:36:16 by "java_re" with unknown MS VC++:1600

time: Mon Oct 02 23:54:04 2017
elapsed time: 5 seconds

